<?xml version="1.0" encoding="UTF-8"?>
<testsuite name="TaskTest" tests="3" skipped="0" failures="0" errors="0" timestamp="2017-12-14T19:17:15" hostname="sysadmin" time="0.001">
  <properties/>
  <testcase name="testAddPrerequisit" classname="TaskTest" time="0.0"/>
  <testcase name="testSetIsComplete" classname="TaskTest" time="0.001"/>
  <testcase name="testSetStaff" classname="TaskTest" time="0.0"/>
  <system-out><![CDATA[]]></system-out>
  <system-err><![CDATA[]]></system-err>
</testsuite>
