<?xml version="1.0" encoding="UTF-8"?>
<testsuite name="ProjectTest" tests="2" skipped="0" failures="0" errors="0" timestamp="2017-12-14T19:17:15" hostname="sysadmin" time="0.004">
  <properties/>
  <testcase name="testAddTask" classname="ProjectTest" time="0.002"/>
  <testcase name="testAddStaff" classname="ProjectTest" time="0.001"/>
  <system-out><![CDATA[]]></system-out>
  <system-err><![CDATA[]]></system-err>
</testsuite>
